maxi-mobile/build/intermediates/manifest_merge_blame_file/debug/manifest-merger-blame-debug-report.txt
1<?xml version="1.0" encoding="utf-8"?>
2<manifest xmlns:android="http://schemas.android.com/apk/res/android"
3    package="com.volt.maximobile"
4    android:versionCode="1"
5    android:versionName="0.1.1-maxi" >
6
7    <uses-sdk
7-->src\main\AndroidManifest.xml:8:5-68
8        android:minSdkVersion="23"
9        android:targetSdkVersion="34" />
10
11    <uses-permission android:name="android.permission.INTERNET" />
11-->src\main\AndroidManifest.xml:5:5-67
11-->src\main\AndroidManifest.xml:5:22-64
12    <uses-permission android:name="android.permission.QUERY_ALL_PACKAGES" />
12-->src\main\AndroidManifest.xml:6:5-77
12-->src\main\AndroidManifest.xml:6:22-74
13    <uses-permission android:name="android.permission.VIBRATE" />
13-->src\main\AndroidManifest.xml:7:5-66
13-->src\main\AndroidManifest.xml:7:22-63
14
15    <queries>
15-->[dvpaylite-sdk.aar] AndroidManifest.xml:9:5-11:15
16        <package android:name="com.denovo.app.top" />
16-->[dvpaylite-sdk.aar] AndroidManifest.xml:10:9-54
16-->[dvpaylite-sdk.aar] AndroidManifest.xml:10:18-51
17        <package android:name="com.denovo.app.kozen" />
17-->[printer_v3.0.aar] AndroidManifest.xml:10:9-56
17-->[printer_v3.0.aar] AndroidManifest.xml:10:18-53
18    </queries>
19
20    <uses-permission android:name="android.permission.BLUETOOTH" />
20-->[com.starmicronics:stario10:1.11.2] AndroidManifest.xml:7:5-68
20-->[com.starmicronics:stario10:1.11.2] AndroidManifest.xml:7:22-65
21    <uses-permission android:name="android.permission.BLUETOOTH_CONNECT" />
21-->[com.starmicronics:stario10:1.11.2] AndroidManifest.xml:8:5-76
21-->[com.starmicronics:stario10:1.11.2] AndroidManifest.xml:8:22-73
22    <uses-permission android:name="android.permission.ACCESS_NETWORK_STATE" />
22-->[com.google.firebase:firebase-auth:23.1.0] AndroidManifest.xml:26:5-79
22-->[com.google.firebase:firebase-auth:23.1.0] AndroidManifest.xml:26:22-76
23    <uses-permission android:name="android.permission.WAKE_LOCK" /> <!-- Required by older versions of Google Play services to create IID tokens -->
23-->[com.google.firebase:firebase-iid:21.1.0] AndroidManifest.xml:24:5-68
23-->[com.google.firebase:firebase-iid:21.1.0] AndroidManifest.xml:24:22-65
24    <uses-permission android:name="com.google.android.c2dm.permission.RECEIVE" />
24-->[com.google.firebase:firebase-iid:21.1.0] AndroidManifest.xml:26:5-82
24-->[com.google.firebase:firebase-iid:21.1.0] AndroidManifest.xml:26:22-79
25    <uses-permission android:name="com.google.android.providers.gsf.permission.READ_GSERVICES" />
25-->[com.google.android.recaptcha:recaptcha:18.5.1] AndroidManifest.xml:9:5-98
25-->[com.google.android.recaptcha:recaptcha:18.5.1] AndroidManifest.xml:9:22-95
26
27    <permission
27-->[androidx.core:core:1.13.1] AndroidManifest.xml:22:5-24:47
28        android:name="com.volt.maximobile.DYNAMIC_RECEIVER_NOT_EXPORTED_PERMISSION"
28-->[androidx.core:core:1.13.1] AndroidManifest.xml:23:9-81
29        android:protectionLevel="signature" />
29-->[androidx.core:core:1.13.1] AndroidManifest.xml:24:9-44
30
31    <uses-permission android:name="com.volt.maximobile.DYNAMIC_RECEIVER_NOT_EXPORTED_PERMISSION" />
31-->[androidx.core:core:1.13.1] AndroidManifest.xml:26:5-97
31-->[androidx.core:core:1.13.1] AndroidManifest.xml:26:22-94
32
33    <application
33-->src\main\AndroidManifest.xml:10:5-112:19
34        android:name="com.volt.maximobile.MaxiApplication"
34-->src\main\AndroidManifest.xml:11:9-40
35        android:allowBackup="true"
35-->src\main\AndroidManifest.xml:12:9-35
36        android:appComponentFactory="androidx.core.app.CoreComponentFactory"
36-->[androidx.core:core:1.13.1] AndroidManifest.xml:28:18-86
37        android:debuggable="true"
38        android:extractNativeLibs="false"
39        android:icon="@mipmap/ic_launcher"
39-->src\main\AndroidManifest.xml:13:9-43
40        android:label="@string/app_name"
40-->src\main\AndroidManifest.xml:14:9-41
41        android:roundIcon="@mipmap/ic_launcher_round"
41-->src\main\AndroidManifest.xml:15:9-54
42        android:supportsRtl="true"
42-->src\main\AndroidManifest.xml:16:9-35
43        android:testOnly="true"
44        android:theme="@style/Theme.MaxiMobile" >
44-->src\main\AndroidManifest.xml:17:9-48
45        <activity
45-->src\main\AndroidManifest.xml:19:9-27:20
46            android:name="com.volt.maximobile.MainActivity"
46-->src\main\AndroidManifest.xml:20:13-41
47            android:exported="true"
47-->src\main\AndroidManifest.xml:21:13-36
48            android:theme="@style/Theme.MaxiMobile" >
48-->src\main\AndroidManifest.xml:22:13-52
49            <intent-filter>
49-->src\main\AndroidManifest.xml:23:13-26:29
50                <action android:name="android.intent.action.MAIN" />
50-->src\main\AndroidManifest.xml:24:17-69
50-->src\main\AndroidManifest.xml:24:25-66
51
52                <category android:name="android.intent.category.LAUNCHER" />
52-->src\main\AndroidManifest.xml:25:17-77
52-->src\main\AndroidManifest.xml:25:27-74
53            </intent-filter>
54        </activity>
55        <activity
55-->src\main\AndroidManifest.xml:29:9-77
56            android:name="com.volt.maximobile.OrdersActivity"
56-->src\main\AndroidManifest.xml:29:19-49
57            android:exported="false" />
57-->src\main\AndroidManifest.xml:29:50-74
58        <activity
58-->src\main\AndroidManifest.xml:30:9-82
59            android:name="com.volt.maximobile.OrderDetailActivity"
59-->src\main\AndroidManifest.xml:30:19-54
60            android:exported="false" />
60-->src\main\AndroidManifest.xml:30:55-79
61        <activity
61-->src\main\AndroidManifest.xml:32:9-119
62            android:name="com.volt.maximobile.MenuActivity"
62-->src\main\AndroidManifest.xml:32:19-47
63            android:exported="false"
63-->src\main\AndroidManifest.xml:32:48-72
64            android:windowSoftInputMode="adjustNothing" />
64-->src\main\AndroidManifest.xml:32:73-116
65        <activity
65-->src\main\AndroidManifest.xml:33:9-122
66            android:name="com.volt.maximobile.MenuOnlyActivity"
66-->src\main\AndroidManifest.xml:33:19-51
67            android:exported="false"
67-->src\main\AndroidManifest.xml:33:52-76
68            android:windowSoftInputMode="adjustResize" />
68-->src\main\AndroidManifest.xml:33:77-119
69        <activity
69-->src\main\AndroidManifest.xml:34:9-81
70            android:name="com.volt.maximobile.ItemDetailActivity"
70-->src\main\AndroidManifest.xml:34:19-53
71            android:exported="false" />
71-->src\main\AndroidManifest.xml:34:54-78
72        <activity
72-->src\main\AndroidManifest.xml:36:9-78
73            android:name="com.volt.maximobile.PaymentActivity"
73-->src\main\AndroidManifest.xml:36:19-50
74            android:exported="false" />
74-->src\main\AndroidManifest.xml:36:51-75
75        <activity
75-->src\main\AndroidManifest.xml:37:9-82
76            android:name="com.volt.maximobile.CashPaymentActivity"
76-->src\main\AndroidManifest.xml:37:19-54
77            android:exported="false" />
77-->src\main\AndroidManifest.xml:37:55-79
78        <activity
78-->src\main\AndroidManifest.xml:38:9-83
79            android:name="com.volt.maximobile.SplitPaymentActivity"
79-->src\main\AndroidManifest.xml:38:19-55
80            android:exported="false" />
80-->src\main\AndroidManifest.xml:38:56-80
81        <activity
81-->src\main\AndroidManifest.xml:39:9-74
82            android:name="com.volt.maximobile.TipActivity"
82-->src\main\AndroidManifest.xml:39:19-46
83            android:exported="false" />
83-->src\main\AndroidManifest.xml:39:47-71
84        <activity
84-->src\main\AndroidManifest.xml:40:9-84
85            android:name="com.volt.maximobile.TipAdjustmentActivity"
85-->src\main\AndroidManifest.xml:40:19-56
86            android:exported="false" />
86-->src\main\AndroidManifest.xml:40:57-81
87        <activity
87-->src\main\AndroidManifest.xml:41:9-85
88            android:name="com.volt.maximobile.ReceiptOptionsActivity"
88-->src\main\AndroidManifest.xml:41:19-57
89            android:exported="false" />
89-->src\main\AndroidManifest.xml:41:58-82
90        <activity
90-->src\main\AndroidManifest.xml:43:9-82
91            android:name="com.volt.maximobile.TransactionActivity"
91-->src\main\AndroidManifest.xml:43:19-54
92            android:exported="false" />
92-->src\main\AndroidManifest.xml:43:55-79
93        <activity
93-->src\main\AndroidManifest.xml:44:9-86
94            android:name="com.volt.maximobile.BatchManagementActivity"
94-->src\main\AndroidManifest.xml:44:19-58
95            android:exported="false" />
95-->src\main\AndroidManifest.xml:44:59-83
96        <activity
96-->src\main\AndroidManifest.xml:45:9-83
97            android:name="com.volt.maximobile.BatchDetailsActivity"
97-->src\main\AndroidManifest.xml:45:19-55
98            android:exported="false" />
98-->src\main\AndroidManifest.xml:45:56-80
99        <activity
99-->src\main\AndroidManifest.xml:47:9-78
100            android:name="com.volt.maximobile.ReportsActivity"
100-->src\main\AndroidManifest.xml:47:19-50
101            android:exported="false" />
101-->src\main\AndroidManifest.xml:47:51-75
102        <activity
102-->src\main\AndroidManifest.xml:48:9-84
103            android:name="com.volt.maximobile.ReportPreviewActivity"
103-->src\main\AndroidManifest.xml:48:19-56
104            android:exported="false" />
104-->src\main\AndroidManifest.xml:48:57-81
105        <activity
105-->src\main\AndroidManifest.xml:49:9-81
106            android:name="com.volt.maximobile.TodaySalesActivity"
106-->src\main\AndroidManifest.xml:49:19-53
107            android:exported="false" />
107-->src\main\AndroidManifest.xml:49:54-78
108        <activity
108-->src\main\AndroidManifest.xml:50:9-86
109            android:name="com.volt.maximobile.MenuPerformanceActivity"
109-->src\main\AndroidManifest.xml:50:19-58
110            android:exported="false" />
110-->src\main\AndroidManifest.xml:50:59-83
111        <activity
111-->src\main\AndroidManifest.xml:51:9-86
112            android:name="com.volt.maximobile.ItemSalesReportActivity"
112-->src\main\AndroidManifest.xml:51:19-58
113            android:exported="false" />
113-->src\main\AndroidManifest.xml:51:59-83
114        <activity
114-->src\main\AndroidManifest.xml:52:9-90
115            android:name="com.volt.maximobile.CategorySalesReportActivity"
115-->src\main\AndroidManifest.xml:52:19-62
116            android:exported="false" />
116-->src\main\AndroidManifest.xml:52:63-87
117        <activity
117-->src\main\AndroidManifest.xml:53:9-90
118            android:name="com.volt.maximobile.ModifierSalesReportActivity"
118-->src\main\AndroidManifest.xml:53:19-62
119            android:exported="false" />
119-->src\main\AndroidManifest.xml:53:63-87
120        <activity
120-->src\main\AndroidManifest.xml:55:9-85
121            android:name="com.volt.maximobile.TableSelectionActivity"
121-->src\main\AndroidManifest.xml:55:19-57
122            android:exported="false" />
122-->src\main\AndroidManifest.xml:55:58-82
123        <activity
123-->src\main\AndroidManifest.xml:56:9-82
124            android:name="com.volt.maximobile.TableLayoutActivity"
124-->src\main\AndroidManifest.xml:56:19-54
125            android:exported="false" />
125-->src\main\AndroidManifest.xml:56:55-79
126        <activity
126-->src\main\AndroidManifest.xml:57:9-83
127            android:name="com.volt.maximobile.TableMappingActivity"
127-->src\main\AndroidManifest.xml:57:19-55
128            android:exported="false" />
128-->src\main\AndroidManifest.xml:57:56-80
129        <activity
129-->src\main\AndroidManifest.xml:58:9-78
130            android:name="com.volt.maximobile.BarTabsActivity"
130-->src\main\AndroidManifest.xml:58:19-50
131            android:exported="false" />
131-->src\main\AndroidManifest.xml:58:51-75
132        <activity
132-->src\main\AndroidManifest.xml:59:9-84
133            android:name="com.volt.maximobile.BarSeatConfigActivity"
133-->src\main\AndroidManifest.xml:59:19-56
134            android:exported="false" />
134-->src\main\AndroidManifest.xml:59:57-81
135        <activity
135-->src\main\AndroidManifest.xml:60:9-83
136            android:name="com.volt.maximobile.BarTabConfigActivity"
136-->src\main\AndroidManifest.xml:60:19-55
137            android:exported="false" />
137-->src\main\AndroidManifest.xml:60:56-80
138        <activity
138-->src\main\AndroidManifest.xml:62:9-79
139            android:name="com.volt.maximobile.CashFlowActivity"
139-->src\main\AndroidManifest.xml:62:19-51
140            android:exported="false" />
140-->src\main\AndroidManifest.xml:62:52-76
141        <activity
141-->src\main\AndroidManifest.xml:63:9-80
142            android:name="com.volt.maximobile.CustomersActivity"
142-->src\main\AndroidManifest.xml:63:19-52
143            android:exported="false" />
143-->src\main\AndroidManifest.xml:63:53-77
144        <activity
144-->src\main\AndroidManifest.xml:64:9-86
145            android:name="com.volt.maximobile.CustomerProfileActivity"
145-->src\main\AndroidManifest.xml:64:19-58
146            android:exported="false" />
146-->src\main\AndroidManifest.xml:64:59-83
147        <activity
147-->src\main\AndroidManifest.xml:65:9-80
148            android:name="com.volt.maximobile.EmployeesActivity"
148-->src\main\AndroidManifest.xml:65:19-52
149            android:exported="false" />
149-->src\main\AndroidManifest.xml:65:53-77
150        <activity
150-->src\main\AndroidManifest.xml:67:9-82
151            android:name="com.volt.maximobile.ReservationActivity"
151-->src\main\AndroidManifest.xml:67:19-54
152            android:exported="false" />
152-->src\main\AndroidManifest.xml:67:55-79
153        <activity
153-->src\main\AndroidManifest.xml:68:9-89
154            android:name="com.volt.maximobile.ReservationMappingActivity"
154-->src\main\AndroidManifest.xml:68:19-61
155            android:exported="false" />
155-->src\main\AndroidManifest.xml:68:62-86
156        <activity
156-->src\main\AndroidManifest.xml:69:9-96
157            android:name="com.volt.maximobile.ReservationTableSelectionActivity"
157-->src\main\AndroidManifest.xml:69:19-68
158            android:exported="false" />
158-->src\main\AndroidManifest.xml:69:69-93
159        <activity
159-->src\main\AndroidManifest.xml:71:9-89
160            android:name="com.volt.maximobile.ModifierManagementActivity"
160-->src\main\AndroidManifest.xml:71:19-61
161            android:exported="false" />
161-->src\main\AndroidManifest.xml:71:62-86
162        <activity
162-->src\main\AndroidManifest.xml:72:9-128
163            android:name="com.volt.maximobile.GlobalModifierActivity"
163-->src\main\AndroidManifest.xml:72:19-57
164            android:exported="false"
164-->src\main\AndroidManifest.xml:72:58-82
165            android:windowSoftInputMode="adjustResize" />
165-->src\main\AndroidManifest.xml:72:83-125
166        <activity
166-->src\main\AndroidManifest.xml:73:9-91
167            android:name="com.volt.maximobile.AssignModifierToItemActivity"
167-->src\main\AndroidManifest.xml:73:19-63
168            android:exported="false" />
168-->src\main\AndroidManifest.xml:73:64-88
169        <activity
169-->src\main\AndroidManifest.xml:74:9-86
170            android:name="com.volt.maximobile.SelectModifiersActivity"
170-->src\main\AndroidManifest.xml:74:19-58
171            android:exported="false" />
171-->src\main\AndroidManifest.xml:74:59-83
172        <activity
172-->src\main\AndroidManifest.xml:75:9-82
173            android:name="com.volt.maximobile.SelectTaxesActivity"
173-->src\main\AndroidManifest.xml:75:19-54
174            android:exported="false" />
174-->src\main\AndroidManifest.xml:75:55-79
175        <activity
175-->src\main\AndroidManifest.xml:76:9-89
176            android:name="com.volt.maximobile.SelectPrinterLabelActivity"
176-->src\main\AndroidManifest.xml:76:19-61
177            android:exported="false" />
177-->src\main\AndroidManifest.xml:76:62-86
178        <activity
178-->src\main\AndroidManifest.xml:78:9-83
179            android:name="com.volt.maximobile.TaxesAndFeesActivity"
179-->src\main\AndroidManifest.xml:78:19-55
180            android:exported="false" />
180-->src\main\AndroidManifest.xml:78:56-80
181        <activity
181-->src\main\AndroidManifest.xml:79:9-77
182            android:name="com.volt.maximobile.AddTaxActivity"
182-->src\main\AndroidManifest.xml:79:19-49
183            android:exported="false" />
183-->src\main\AndroidManifest.xml:79:50-74
184        <activity
184-->src\main\AndroidManifest.xml:80:9-80
185            android:name="com.volt.maximobile.DiscountsActivity"
185-->src\main\AndroidManifest.xml:80:19-52
186            android:exported="false" />
186-->src\main\AndroidManifest.xml:80:53-77
187        <activity
187-->src\main\AndroidManifest.xml:81:9-82
188            android:name="com.volt.maximobile.AddDiscountActivity"
188-->src\main\AndroidManifest.xml:81:19-54
189            android:exported="false" />
189-->src\main\AndroidManifest.xml:81:55-79
190        <activity
190-->src\main\AndroidManifest.xml:82:9-90
191            android:name="com.volt.maximobile.TipsAndDiscountsHubActivity"
191-->src\main\AndroidManifest.xml:82:19-62
192            android:exported="false" />
192-->src\main\AndroidManifest.xml:82:63-87
193        <activity
193-->src\main\AndroidManifest.xml:83:9-80
194            android:name="com.volt.maximobile.TipConfigActivity"
194-->src\main\AndroidManifest.xml:83:19-52
195            android:exported="false" />
195-->src\main\AndroidManifest.xml:83:53-77
196        <activity
196-->src\main\AndroidManifest.xml:85:9-84
197            android:name="com.volt.maximobile.ConfigurationActivity"
197-->src\main\AndroidManifest.xml:85:19-56
198            android:exported="false" />
198-->src\main\AndroidManifest.xml:85:57-81
199        <activity
199-->src\main\AndroidManifest.xml:86:9-79
200            android:name="com.volt.maximobile.SideMenuActivity"
200-->src\main\AndroidManifest.xml:86:19-51
201            android:exported="false" />
201-->src\main\AndroidManifest.xml:86:52-76
202        <activity
202-->src\main\AndroidManifest.xml:87:9-87
203            android:name="com.volt.maximobile.DeviceActivationActivity"
203-->src\main\AndroidManifest.xml:87:19-59
204            android:exported="false" />
204-->src\main\AndroidManifest.xml:87:60-84
205        <activity
205-->src\main\AndroidManifest.xml:88:9-85
206            android:name="com.volt.maximobile.PaymentMethodsActivity"
206-->src\main\AndroidManifest.xml:88:19-57
207            android:exported="false" />
207-->src\main\AndroidManifest.xml:88:58-82
208        <activity
208-->src\main\AndroidManifest.xml:89:9-89
209            android:name="com.volt.maximobile.OrderConfigurationActivity"
209-->src\main\AndroidManifest.xml:89:19-61
210            android:exported="false" />
210-->src\main\AndroidManifest.xml:89:62-86
211        <activity
211-->src\main\AndroidManifest.xml:90:9-96
212            android:name="com.volt.maximobile.KitchenOrderConfigurationActivity"
212-->src\main\AndroidManifest.xml:90:19-68
213            android:exported="false" />
213-->src\main\AndroidManifest.xml:90:69-93
214        <activity
214-->src\main\AndroidManifest.xml:91:9-90
215            android:name="com.volt.maximobile.OrderTypesConfigureActivity"
215-->src\main\AndroidManifest.xml:91:19-62
216            android:exported="false" />
216-->src\main\AndroidManifest.xml:91:63-87
217        <activity
217-->src\main\AndroidManifest.xml:92:9-84
218            android:name="com.volt.maximobile.ToGoConfigureActivity"
218-->src\main\AndroidManifest.xml:92:19-56
219            android:exported="false" />
219-->src\main\AndroidManifest.xml:92:57-81
220        <activity
220-->src\main\AndroidManifest.xml:93:9-86
221            android:name="com.volt.maximobile.DineInConfigureActivity"
221-->src\main\AndroidManifest.xml:93:19-58
222            android:exported="false" />
222-->src\main\AndroidManifest.xml:93:59-83
223        <activity
223-->src\main\AndroidManifest.xml:94:9-86
224            android:name="com.volt.maximobile.BarTabConfigureActivity"
224-->src\main\AndroidManifest.xml:94:19-58
225            android:exported="false" />
225-->src\main\AndroidManifest.xml:94:59-83
226        <activity
226-->src\main\AndroidManifest.xml:95:9-94
227            android:name="com.volt.maximobile.OnlineOrderingConfigureActivity"
227-->src\main\AndroidManifest.xml:95:19-66
228            android:exported="false" />
228-->src\main\AndroidManifest.xml:95:67-91
229        <activity
229-->src\main\AndroidManifest.xml:96:9-98
230            android:name="com.volt.maximobile.OnlineOrderingBusinessHoursActivity"
230-->src\main\AndroidManifest.xml:96:19-70
231            android:exported="false" />
231-->src\main\AndroidManifest.xml:96:71-95
232        <activity
232-->src\main\AndroidManifest.xml:97:9-86
233            android:name="com.volt.maximobile.InventoryConfigActivity"
233-->src\main\AndroidManifest.xml:97:19-58
234            android:exported="false" />
234-->src\main\AndroidManifest.xml:97:59-83
235        <activity
235-->src\main\AndroidManifest.xml:98:9-91
236            android:name="com.volt.maximobile.ReceiptDisplayConfigActivity"
236-->src\main\AndroidManifest.xml:98:19-63
237            android:exported="false" />
237-->src\main\AndroidManifest.xml:98:64-88
238        <activity
238-->src\main\AndroidManifest.xml:99:9-102:74
239            android:name="com.volt.maximobile.ReceiptPrintingSettingsActivity"
239-->src\main\AndroidManifest.xml:100:13-60
240            android:exported="false"
240-->src\main\AndroidManifest.xml:101:13-37
241            android:parentActivityName="com.volt.maximobile.ReceiptDisplayConfigActivity" />
241-->src\main\AndroidManifest.xml:102:13-71
242        <activity
242-->src\main\AndroidManifest.xml:103:9-86
243            android:name="com.volt.maximobile.ViewEditReceiptActivity"
243-->src\main\AndroidManifest.xml:103:19-58
244            android:exported="false" />
244-->src\main\AndroidManifest.xml:103:59-83
245        <activity
245-->src\main\AndroidManifest.xml:104:9-88
246            android:name="com.volt.maximobile.SignatureSettingsActivity"
246-->src\main\AndroidManifest.xml:104:19-60
247            android:exported="false" />
247-->src\main\AndroidManifest.xml:104:61-85
248        <activity
248-->src\main\AndroidManifest.xml:105:9-83
249            android:name="com.volt.maximobile.ItemSelectorActivity"
249-->src\main\AndroidManifest.xml:105:19-55
250            android:exported="false" />
250-->src\main\AndroidManifest.xml:105:56-80
251        <activity
251-->src\main\AndroidManifest.xml:107:9-79
252            android:name="com.volt.maximobile.PrintersActivity"
252-->src\main\AndroidManifest.xml:107:19-51
253            android:exported="false" />
253-->src\main\AndroidManifest.xml:107:52-76
254        <activity
254-->src\main\AndroidManifest.xml:108:9-84
255            android:name="com.volt.maximobile.PrinterDetailActivity"
255-->src\main\AndroidManifest.xml:108:19-56
256            android:exported="false" />
256-->src\main\AndroidManifest.xml:108:57-81
257        <activity
257-->src\main\AndroidManifest.xml:109:9-82
258            android:name="com.volt.maximobile.PrinterListActivity"
258-->src\main\AndroidManifest.xml:109:19-54
259            android:exported="false" />
259-->src\main\AndroidManifest.xml:109:55-79
260        <activity
260-->src\main\AndroidManifest.xml:110:9-81
261            android:name="com.volt.maximobile.AddPrinterActivity"
261-->src\main\AndroidManifest.xml:110:19-53
262            android:exported="false" />
262-->src\main\AndroidManifest.xml:110:54-78
263
264        <service
264-->[com.google.firebase:firebase-auth-ktx:23.1.0] AndroidManifest.xml:8:9-14:19
265            android:name="com.google.firebase.components.ComponentDiscoveryService"
265-->[com.google.firebase:firebase-auth-ktx:23.1.0] AndroidManifest.xml:9:13-84
266            android:directBootAware="true"
266-->[com.google.firebase:firebase-common:21.0.0] AndroidManifest.xml:32:13-43
267            android:exported="false" >
267-->[com.google.firebase:firebase-auth-ktx:23.1.0] AndroidManifest.xml:10:13-37
268            <meta-data
268-->[com.google.firebase:firebase-auth-ktx:23.1.0] AndroidManifest.xml:11:13-13:85
269                android:name="com.google.firebase.components:com.google.firebase.auth.ktx.FirebaseAuthLegacyRegistrar"
269-->[com.google.firebase:firebase-auth-ktx:23.1.0] AndroidManifest.xml:12:17-119
270                android:value="com.google.firebase.components.ComponentRegistrar" />
270-->[com.google.firebase:firebase-auth-ktx:23.1.0] AndroidManifest.xml:13:17-82
271            <meta-data
271-->[com.google.firebase:firebase-auth:23.1.0] AndroidManifest.xml:69:13-71:85
272                android:name="com.google.firebase.components:com.google.firebase.auth.FirebaseAuthRegistrar"
272-->[com.google.firebase:firebase-auth:23.1.0] AndroidManifest.xml:70:17-109
273                android:value="com.google.firebase.components.ComponentRegistrar" />
273-->[com.google.firebase:firebase-auth:23.1.0] AndroidManifest.xml:71:17-82
274            <meta-data
274-->[com.google.firebase:firebase-storage:21.0.1] AndroidManifest.xml:30:13-32:85
275                android:name="com.google.firebase.components:com.google.firebase.storage.FirebaseStorageKtxRegistrar"
275-->[com.google.firebase:firebase-storage:21.0.1] AndroidManifest.xml:31:17-118
276                android:value="com.google.firebase.components.ComponentRegistrar" />
276-->[com.google.firebase:firebase-storage:21.0.1] AndroidManifest.xml:32:17-82
277            <meta-data
277-->[com.google.firebase:firebase-storage:21.0.1] AndroidManifest.xml:33:13-35:85
278                android:name="com.google.firebase.components:com.google.firebase.storage.StorageRegistrar"
278-->[com.google.firebase:firebase-storage:21.0.1] AndroidManifest.xml:34:17-107
279                android:value="com.google.firebase.components.ComponentRegistrar" />
279-->[com.google.firebase:firebase-storage:21.0.1] AndroidManifest.xml:35:17-82
280            <meta-data
280-->[com.google.firebase:firebase-functions-ktx:21.0.0] AndroidManifest.xml:12:13-14:85
281                android:name="com.google.firebase.components:com.google.firebase.functions.ktx.FirebaseFunctionsLegacyRegistrar"
281-->[com.google.firebase:firebase-functions-ktx:21.0.0] AndroidManifest.xml:13:17-129
282                android:value="com.google.firebase.components.ComponentRegistrar" />
282-->[com.google.firebase:firebase-functions-ktx:21.0.0] AndroidManifest.xml:14:17-82
283            <meta-data
283-->[com.google.firebase:firebase-functions:21.0.0] AndroidManifest.xml:15:13-17:85
284                android:name="com.google.firebase.components:com.google.firebase.functions.FirebaseFunctionsKtxRegistrar"
284-->[com.google.firebase:firebase-functions:21.0.0] AndroidManifest.xml:16:17-122
285                android:value="com.google.firebase.components.ComponentRegistrar" />
285-->[com.google.firebase:firebase-functions:21.0.0] AndroidManifest.xml:17:17-82
286            <meta-data
286-->[com.google.firebase:firebase-functions:21.0.0] AndroidManifest.xml:18:13-20:85
287                android:name="com.google.firebase.components:com.google.firebase.functions.FunctionsRegistrar"
287-->[com.google.firebase:firebase-functions:21.0.0] AndroidManifest.xml:19:17-111
288                android:value="com.google.firebase.components.ComponentRegistrar" />
288-->[com.google.firebase:firebase-functions:21.0.0] AndroidManifest.xml:20:17-82
289            <meta-data
289-->[com.google.firebase:firebase-firestore-ktx:25.1.1] AndroidManifest.xml:12:13-14:85
290                android:name="com.google.firebase.components:com.google.firebase.firestore.ktx.FirebaseFirestoreLegacyRegistrar"
290-->[com.google.firebase:firebase-firestore-ktx:25.1.1] AndroidManifest.xml:13:17-129
291                android:value="com.google.firebase.components.ComponentRegistrar" />
291-->[com.google.firebase:firebase-firestore-ktx:25.1.1] AndroidManifest.xml:14:17-82
292            <meta-data
292-->[com.google.firebase:firebase-firestore:25.1.1] AndroidManifest.xml:17:13-19:85
293                android:name="com.google.firebase.components:com.google.firebase.firestore.FirebaseFirestoreKtxRegistrar"
293-->[com.google.firebase:firebase-firestore:25.1.1] AndroidManifest.xml:18:17-122
294                android:value="com.google.firebase.components.ComponentRegistrar" />
294-->[com.google.firebase:firebase-firestore:25.1.1] AndroidManifest.xml:19:17-82
295            <meta-data
295-->[com.google.firebase:firebase-firestore:25.1.1] AndroidManifest.xml:20:13-22:85
296                android:name="com.google.firebase.components:com.google.firebase.firestore.FirestoreRegistrar"
296-->[com.google.firebase:firebase-firestore:25.1.1] AndroidManifest.xml:21:17-111
297                android:value="com.google.firebase.components.ComponentRegistrar" />
297-->[com.google.firebase:firebase-firestore:25.1.1] AndroidManifest.xml:22:17-82
298            <meta-data
298-->[com.google.firebase:firebase-appcheck:18.0.0] AndroidManifest.xml:25:13-27:85
299                android:name="com.google.firebase.components:com.google.firebase.appcheck.FirebaseAppCheckKtxRegistrar"
299-->[com.google.firebase:firebase-appcheck:18.0.0] AndroidManifest.xml:26:17-120
300                android:value="com.google.firebase.components.ComponentRegistrar" />
300-->[com.google.firebase:firebase-appcheck:18.0.0] AndroidManifest.xml:27:17-82
301            <meta-data
301-->[com.google.firebase:firebase-appcheck:18.0.0] AndroidManifest.xml:28:13-30:85
302                android:name="com.google.firebase.components:com.google.firebase.appcheck.FirebaseAppCheckRegistrar"
302-->[com.google.firebase:firebase-appcheck:18.0.0] AndroidManifest.xml:29:17-117
303                android:value="com.google.firebase.components.ComponentRegistrar" />
303-->[com.google.firebase:firebase-appcheck:18.0.0] AndroidManifest.xml:30:17-82
304            <meta-data